<?xml version="1.0" encoding="UTF-8"?>
<testng-results ignored="0" total="1" passed="1" failed="0" skipped="0">
  <reporter-output>
  </reporter-output>
  <suite started-at="2018-06-03T13:05:36Z" name="Test Suite" finished-at="2018-06-03T13:05:41Z" duration-ms="4807">
    <groups>
    </groups>
    <test started-at="2018-06-03T13:05:36Z" name="Page Object Model Project" finished-at="2018-06-03T13:05:41Z" duration-ms="4807">
      <class name="Tests.TestBase">
        <test-method signature="Intilize()[pri:0, instance:Tests.TestBase@1dac5ef]" started-at="2018-06-03T13:05:36Z" name="Intilize" finished-at="2018-06-03T13:05:41Z" duration-ms="4788" status="PASS">
          <reporter-output>
          </reporter-output>
        </test-method> <!-- Intilize -->
        <test-method is-config="true" signature="teerDownTest()[pri:0, instance:Tests.TestBase@1dac5ef]" started-at="2018-06-03T13:05:41Z" name="teerDownTest" finished-at="2018-06-03T13:05:41Z" duration-ms="1" status="PASS">
          <reporter-output>
          </reporter-output>
        </test-method> <!-- teerDownTest -->
      </class> <!-- Tests.TestBase -->
    </test> <!-- Page Object Model Project -->
  </suite> <!-- Test Suite -->
</testng-results>
